# JRE version: Java(TM) SE Runtime Environment (8.0_73-b02) (build 1.8.0_73-b02)
# Java VM: Java HotSpot(TM) 64-Bit Server VM (25.73-b02 mixed mode windows-amd64 compressed oops)
Heap:
 PSYoungGen      total 197120K, used 148826K [0x00000000ebc00000, 0x00000000fe280000, 0x0000000100000000)
  eden space 110080K, 81% used [0x00000000ebc00000,0x00000000f13edf88,0x00000000f2780000)
  from space 87040K, 67% used [0x00000000f2780000,0x00000000f60e8968,0x00000000f7c80000)
  to   space 91648K, 0% used [0x00000000f8900000,0x00000000f8900000,0x00000000fe280000)
 ParOldGen       total 515584K, used 373203K [0x00000000c3400000, 0x00000000e2b80000, 0x00000000ebc00000)
  object space 515584K, 72% used [0x00000000c3400000,0x00000000da074db8,0x00000000e2b80000)
 Metaspace       used 12118K, capacity 12382K, committed 12672K, reserved 1060864K
  class space    used 1455K, capacity 1556K, committed 1664K, reserved 1048576K
GC Heap History (10 events):
Event: 131.250 GC heap before
{Heap before GC invocations=21 (full 4):
 PSYoungGen      total 168448K, used 121028K [0x00000000ebc00000, 0x00000000fab00000, 0x0000000100000000)
  eden space 97280K, 83% used [0x00000000ebc00000,0x00000000f0bc3650,0x00000000f1b00000)
  from space 71168K, 55% used [0x00000000f6280000,0x00000000f88edb60,0x00000000fa800000)
  to   space 73216K, 0% used [0x00000000f1b00000,0x00000000f1b00000,0x00000000f6280000)
 ParOldGen       total 515584K, used 373179K [0x00000000c3400000, 0x00000000e2b80000, 0x00000000ebc00000)
  object space 515584K, 72% used [0x00000000c3400000,0x00000000da06edb8,0x00000000e2b80000)
 Metaspace       used 12061K, capacity 12286K, committed 12544K, reserved 1060864K
  class space    used 1446K, capacity 1524K, committed 1536K, reserved 1048576K
Event: 131.272 GC heap after
Heap after GC invocations=21 (full 4):
 PSYoungGen      total 170496K, used 47510K [0x00000000ebc00000, 0x00000000fb900000, 0x0000000100000000)
  eden space 97280K, 0% used [0x00000000ebc00000,0x00000000ebc00000,0x00000000f1b00000)
  from space 73216K, 64% used [0x00000000f1b00000,0x00000000f4965b70,0x00000000f6280000)
  to   space 77312K, 0% used [0x00000000f6d80000,0x00000000f6d80000,0x00000000fb900000)
 ParOldGen       total 515584K, used 373179K [0x00000000c3400000, 0x00000000e2b80000, 0x00000000ebc00000)
  object space 515584K, 72% used [0x00000000c3400000,0x00000000da06edb8,0x00000000e2b80000)
 Metaspace       used 12061K, capacity 12286K, committed 12544K, reserved 1060864K
  class space    used 1446K, capacity 1524K, committed 1536K, reserved 1048576K
}
Event: 132.376 GC heap before
{Heap before GC invocations=22 (full 4):
 PSYoungGen      total 170496K, used 144790K [0x00000000ebc00000, 0x00000000fb900000, 0x0000000100000000)
  eden space 97280K, 100% used [0x00000000ebc00000,0x00000000f1b00000,0x00000000f1b00000)
  from space 73216K, 64% used [0x00000000f1b00000,0x00000000f4965b70,0x00000000f6280000)
  to   space 77312K, 0% used [0x00000000f6d80000,0x00000000f6d80000,0x00000000fb900000)
 ParOldGen       total 515584K, used 373179K [0x00000000c3400000, 0x00000000e2b80000, 0x00000000ebc00000)
  object space 515584K, 72% used [0x00000000c3400000,0x00000000da06edb8,0x00000000e2b80000)
 Metaspace       used 12064K, capacity 12286K, committed 12544K, reserved 1060864K
  class space    used 1446K, capacity 1524K, committed 1536K, reserved 1048576K
Event: 132.444 GC heap after
Heap after GC invocations=22 (full 4):
 PSYoungGen      total 178688K, used 47510K [0x00000000ebc00000, 0x00000000fc200000, 0x0000000100000000)
  eden space 101376K, 0% used [0x00000000ebc00000,0x00000000ebc00000,0x00000000f1f00000)
  from space 77312K, 61% used [0x00000000f6d80000,0x00000000f9be5b60,0x00000000fb900000)
  to   space 80384K, 0% used [0x00000000f1f00000,0x00000000f1f00000,0x00000000f6d80000)
 ParOldGen       total 515584K, used 373179K [0x00000000c3400000, 0x00000000e2b80000, 0x00000000ebc00000)
  object space 515584K, 72% used [0x00000000c3400000,0x00000000da06edb8,0x00000000e2b80000)
 Metaspace       used 12064K, capacity 12286K, committed 12544K, reserved 1060864K
  class space    used 1446K, capacity 1524K, committed 1536K, reserved 1048576K
}
Event: 133.997 GC heap before
{Heap before GC invocations=23 (full 4):
 PSYoungGen      total 178688K, used 148886K [0x00000000ebc00000, 0x00000000fc200000, 0x0000000100000000)
  eden space 101376K, 100% used [0x00000000ebc00000,0x00000000f1f00000,0x00000000f1f00000)
  from space 77312K, 61% used [0x00000000f6d80000,0x00000000f9be5b60,0x00000000fb900000)
  to   space 80384K, 0% used [0x00000000f1f00000,0x00000000f1f00000,0x00000000f6d80000)
 ParOldGen       total 515584K, used 373179K [0x00000000c3400000, 0x00000000e2b80000, 0x00000000ebc00000)
  object space 515584K, 72% used [0x00000000c3400000,0x00000000da06edb8,0x00000000e2b80000)
 Metaspace       used 12067K, capacity 12286K, committed 12544K, reserved 1060864K
  class space    used 1446K, capacity 1524K, committed 1536K, reserved 1048576K
Event: 134.015 GC heap after
Heap after GC invocations=23 (full 4):
 PSYoungGen      total 181760K, used 57641K [0x00000000ebc00000, 0x00000000fd180000, 0x0000000100000000)
  eden space 101376K, 0% used [0x00000000ebc00000,0x00000000ebc00000,0x00000000f1f00000)
  from space 80384K, 71% used [0x00000000f1f00000,0x00000000f574a4e0,0x00000000f6d80000)
  to   space 86528K, 0% used [0x00000000f7d00000,0x00000000f7d00000,0x00000000fd180000)
 ParOldGen       total 515584K, used 373195K [0x00000000c3400000, 0x00000000e2b80000, 0x00000000ebc00000)
  object space 515584K, 72% used [0x00000000c3400000,0x00000000da072db8,0x00000000e2b80000)
 Metaspace       used 12067K, capacity 12286K, committed 12544K, reserved 1060864K
  class space    used 1446K, capacity 1524K, committed 1536K, reserved 1048576K
}
Event: 135.429 GC heap before
{Heap before GC invocations=24 (full 4):
 PSYoungGen      total 181760K, used 159017K [0x00000000ebc00000, 0x00000000fd180000, 0x0000000100000000)
  eden space 101376K, 100% used [0x00000000ebc00000,0x00000000f1f00000,0x00000000f1f00000)
  from space 80384K, 71% used [0x00000000f1f00000,0x00000000f574a4e0,0x00000000f6d80000)
  to   space 86528K, 0% used [0x00000000f7d00000,0x00000000f7d00000,0x00000000fd180000)
 ParOldGen       total 515584K, used 373195K [0x00000000c3400000, 0x00000000e2b80000, 0x00000000ebc00000)
  object space 515584K, 72% used [0x00000000c3400000,0x00000000da072db8,0x00000000e2b80000)
 Metaspace       used 12067K, capacity 12286K, committed 12544K, reserved 1060864K
  class space    used 1446K, capacity 1524K, committed 1536K, reserved 1048576K
Event: 135.448 GC heap after
Heap after GC invocations=24 (full 4):
 PSYoungGen      total 196608K, used 47510K [0x00000000ebc00000, 0x00000000fd180000, 0x0000000100000000)
  eden space 110080K, 0% used [0x00000000ebc00000,0x00000000ebc00000,0x00000000f2780000)
  from space 86528K, 54% used [0x00000000f7d00000,0x00000000fab65b60,0x00000000fd180000)
  to   space 87040K, 0% used [0x00000000f2780000,0x00000000f2780000,0x00000000f7c80000)
 ParOldGen       total 515584K, used 373203K [0x00000000c3400000, 0x00000000e2b80000, 0x00000000ebc00000)
  object space 515584K, 72% used [0x00000000c3400000,0x00000000da074db8,0x00000000e2b80000)
 Metaspace       used 12067K, capacity 12286K, committed 12544K, reserved 1060864K
  class space    used 1446K, capacity 1524K, committed 1536K, reserved 1048576K
}
Event: 136.962 GC heap before
{Heap before GC invocations=25 (full 4):
 PSYoungGen      total 196608K, used 157590K [0x00000000ebc00000, 0x00000000fd180000, 0x0000000100000000)
  eden space 110080K, 100% used [0x00000000ebc00000,0x00000000f2780000,0x00000000f2780000)
  from space 86528K, 54% used [0x00000000f7d00000,0x00000000fab65b60,0x00000000fd180000)
  to   space 87040K, 0% used [0x00000000f2780000,0x00000000f2780000,0x00000000f7c80000)
 ParOldGen       total 515584K, used 373203K [0x00000000c3400000, 0x00000000e2b80000, 0x00000000ebc00000)
  object space 515584K, 72% used [0x00000000c3400000,0x00000000da074db8,0x00000000e2b80000)
 Metaspace       used 12103K, capacity 12382K, committed 12672K, reserved 1060864K
  class space    used 1454K, capacity 1556K, committed 1664K, reserved 1048576K
Event: 136.977 GC heap after
Heap after GC invocations=25 (full 4):
 PSYoungGen      total 197120K, used 58786K [0x00000000ebc00000, 0x00000000fe280000, 0x0000000100000000)
  eden space 110080K, 0% used [0x00000000ebc00000,0x00000000ebc00000,0x00000000f2780000)
  from space 87040K, 67% used [0x00000000f2780000,0x00000000f60e8968,0x00000000f7c80000)
  to   space 91648K, 0% used [0x00000000f8900000,0x00000000f8900000,0x00000000fe280000)
 ParOldGen       total 515584K, used 373203K [0x00000000c3400000, 0x00000000e2b80000, 0x00000000ebc00000)
  object space 515584K, 72% used [0x00000000c3400000,0x00000000da074db8,0x00000000e2b80000)
 Metaspace       used 12103K, capacity 12382K, committed 12672K, reserved 1060864K
  class space    used 1454K, capacity 1556K, committed 1664K, reserved 1048576K
}

